[2022-11-17 14:26:33.894] [INFO ] [restartedMain] com.shop.ShopApplication Starting ShopApplication using Java 11.0.15 on DESKTOP-SL4UV5T with PID 10732 (D:\Backend\shop\target\classes started by user1 in D:\Backend\shop)
[2022-11-17 14:26:33.895] [INFO ] [restartedMain] com.shop.ShopApplication No active profile set, falling back to 1 default profile: "default"
[2022-11-17 14:26:33.997] [INFO ] [restartedMain] org.springframework.data.repository.config.RepositoryConfigurationDelegate Bootstrapping Spring Data JPA repositories in DEFAULT mode.
[2022-11-17 14:26:34.002] [INFO ] [restartedMain] org.springframework.data.repository.config.RepositoryConfigurationDelegate Finished Spring Data repository scanning in 5 ms. Found 1 JPA repository interfaces.
[2022-11-17 14:26:34.045] [INFO ] [restartedMain] org.springframework.boot.web.embedded.tomcat.TomcatWebServer Tomcat initialized with port(s): 8211 (http)
[2022-11-17 14:26:34.046] [INFO ] [restartedMain] org.apache.catalina.core.StandardService Starting service [Tomcat]
[2022-11-17 14:26:34.046] [INFO ] [restartedMain] org.apache.catalina.core.StandardEngine Starting Servlet engine: [Apache Tomcat/9.0.68]
[2022-11-17 14:26:34.060] [INFO ] [restartedMain] org.apache.catalina.core.ContainerBase.[Tomcat].[localhost].[/] Initializing Spring embedded WebApplicationContext
[2022-11-17 14:26:34.060] [INFO ] [restartedMain] org.springframework.boot.web.servlet.context.ServletWebServerApplicationContext Root WebApplicationContext: initialization completed in 164 ms
[2022-11-17 14:26:34.065] [INFO ] [restartedMain] com.zaxxer.hikari.HikariDataSource HikariPool-5 - Starting...
[2022-11-17 14:26:34.075] [INFO ] [restartedMain] com.zaxxer.hikari.HikariDataSource HikariPool-5 - Start completed.
[2022-11-17 14:26:34.075] [INFO ] [restartedMain] org.springframework.boot.autoconfigure.h2.H2ConsoleAutoConfiguration H2 console available at '/h2-console'. Database available at 'jdbc:mysql://localhost:3306/kh_shop_db?userUnicode=true&characterEncoding=UTF-8&serverTimezone=Asia/Seoul'
[2022-11-17 14:26:34.085] [INFO ] [restartedMain] org.hibernate.jpa.internal.util.LogHelper HHH000204: Processing PersistenceUnitInfo [name: default]
[2022-11-17 14:26:34.088] [INFO ] [restartedMain] org.hibernate.dialect.Dialect HHH000400: Using dialect: org.hibernate.dialect.MySQL8Dialect
[2022-11-17 14:26:34.300] [INFO ] [restartedMain] org.hibernate.engine.transaction.jta.platform.internal.JtaPlatformInitiator HHH000490: Using JtaPlatform implementation: [org.hibernate.engine.transaction.jta.platform.internal.NoJtaPlatform]
[2022-11-17 14:26:34.300] [INFO ] [restartedMain] org.springframework.orm.jpa.LocalContainerEntityManagerFactoryBean Initialized JPA EntityManagerFactory for persistence unit 'default'
[2022-11-17 14:26:34.318] [WARN ] [restartedMain] org.springframework.boot.autoconfigure.orm.jpa.JpaBaseConfiguration$JpaWebConfiguration spring.jpa.open-in-view is enabled by default. Therefore, database queries may be performed during view rendering. Explicitly configure spring.jpa.open-in-view to disable this warning
[2022-11-17 14:26:34.347] [WARN ] [restartedMain] org.springframework.boot.autoconfigure.thymeleaf.ThymeleafAutoConfiguration$DefaultTemplateResolverConfiguration Cannot find template location: classpath:/templates/ (please add some templates, check your Thymeleaf configuration, or set spring.thymeleaf.check-template-location=false)
[2022-11-17 14:26:34.385] [WARN ] [restartedMain] org.springframework.boot.devtools.autoconfigure.OptionalLiveReloadServer Unable to start LiveReload server
[2022-11-17 14:26:34.388] [INFO ] [restartedMain] org.springframework.boot.web.embedded.tomcat.TomcatWebServer Tomcat started on port(s): 8211 (http) with context path ''
[2022-11-17 14:26:34.390] [INFO ] [restartedMain] com.shop.ShopApplication Started ShopApplication in 0.54 seconds (JVM running for 6074.467)
[2022-11-17 14:26:34.391] [INFO ] [restartedMain] org.springframework.boot.devtools.autoconfigure.ConditionEvaluationDeltaLoggingListener Condition evaluation unchanged
[2022-11-17 14:29:13.057] [INFO ] [main] com.shop.repository.ItemRepositoryTest Starting ItemRepositoryTest using Java 11.0.15 on DESKTOP-SL4UV5T with PID 1316 (started by user1 in D:\Backend\shop)
[2022-11-17 14:29:13.058] [INFO ] [main] com.shop.repository.ItemRepositoryTest No active profile set, falling back to 1 default profile: "default"
[2022-11-17 14:29:13.628] [INFO ] [main] org.springframework.data.repository.config.RepositoryConfigurationDelegate Bootstrapping Spring Data JPA repositories in DEFAULT mode.
[2022-11-17 14:29:13.670] [INFO ] [main] org.springframework.data.repository.config.RepositoryConfigurationDelegate Finished Spring Data repository scanning in 35 ms. Found 1 JPA repository interfaces.
[2022-11-17 14:29:14.132] [INFO ] [main] org.hibernate.jpa.internal.util.LogHelper HHH000204: Processing PersistenceUnitInfo [name: default]
[2022-11-17 14:29:14.175] [INFO ] [main] org.hibernate.Version HHH000412: Hibernate ORM core version 5.6.12.Final
[2022-11-17 14:29:14.317] [INFO ] [main] org.hibernate.annotations.common.Version HCANN000001: Hibernate Commons Annotations {5.1.2.Final}
[2022-11-17 14:29:14.466] [INFO ] [main] com.zaxxer.hikari.HikariDataSource HikariPool-1 - Starting...
[2022-11-17 14:29:14.764] [INFO ] [main] com.zaxxer.hikari.HikariDataSource HikariPool-1 - Start completed.
[2022-11-17 14:29:14.792] [INFO ] [main] org.hibernate.dialect.Dialect HHH000400: Using dialect: org.hibernate.dialect.MySQL8Dialect
[2022-11-17 14:29:15.503] [INFO ] [main] org.hibernate.engine.transaction.jta.platform.internal.JtaPlatformInitiator HHH000490: Using JtaPlatform implementation: [org.hibernate.engine.transaction.jta.platform.internal.NoJtaPlatform]
[2022-11-17 14:29:15.511] [INFO ] [main] org.springframework.orm.jpa.LocalContainerEntityManagerFactoryBean Initialized JPA EntityManagerFactory for persistence unit 'default'
[2022-11-17 14:29:15.701] [WARN ] [main] org.springframework.boot.autoconfigure.orm.jpa.JpaBaseConfiguration$JpaWebConfiguration spring.jpa.open-in-view is enabled by default. Therefore, database queries may be performed during view rendering. Explicitly configure spring.jpa.open-in-view to disable this warning
[2022-11-17 14:29:16.316] [WARN ] [main] org.springframework.boot.autoconfigure.thymeleaf.ThymeleafAutoConfiguration$DefaultTemplateResolverConfiguration Cannot find template location: classpath:/templates/ (please add some templates, check your Thymeleaf configuration, or set spring.thymeleaf.check-template-location=false)
[2022-11-17 14:29:16.640] [INFO ] [main] com.shop.repository.ItemRepositoryTest Started ItemRepositoryTest in 3.941 seconds (JVM running for 4.961)
[2022-11-17 14:29:17.822] [INFO ] [main] ItemRepositoryTest Item(id=1, itemNm=아메리카노, price=10000, stockNumber=100, itemDetail=그냥 노멀 커피입니다., itemSellStatus=SELL, regTime=2022-11-17T14:29:17.660757200, updateTime=2022-11-17T14:29:17.660757200)
[2022-11-17 14:29:17.838] [INFO ] [SpringApplicationShutdownHook] org.springframework.orm.jpa.LocalContainerEntityManagerFactoryBean Closing JPA EntityManagerFactory for persistence unit 'default'
[2022-11-17 14:29:17.840] [INFO ] [SpringApplicationShutdownHook] com.zaxxer.hikari.HikariDataSource HikariPool-1 - Shutdown initiated...
[2022-11-17 14:29:17.849] [INFO ] [SpringApplicationShutdownHook] com.zaxxer.hikari.HikariDataSource HikariPool-1 - Shutdown completed.
[2022-11-17 14:32:03.436] [INFO ] [main] com.shop.repository.ItemRepositoryTest Starting ItemRepositoryTest using Java 11.0.15 on DESKTOP-SL4UV5T with PID 492 (started by user1 in D:\Backend\shop)
[2022-11-17 14:32:03.437] [INFO ] [main] com.shop.repository.ItemRepositoryTest No active profile set, falling back to 1 default profile: "default"
[2022-11-17 14:32:03.954] [INFO ] [main] org.springframework.data.repository.config.RepositoryConfigurationDelegate Bootstrapping Spring Data JPA repositories in DEFAULT mode.
[2022-11-17 14:32:03.995] [INFO ] [main] org.springframework.data.repository.config.RepositoryConfigurationDelegate Finished Spring Data repository scanning in 34 ms. Found 1 JPA repository interfaces.
[2022-11-17 14:32:04.491] [INFO ] [main] org.hibernate.jpa.internal.util.LogHelper HHH000204: Processing PersistenceUnitInfo [name: default]
[2022-11-17 14:32:04.541] [INFO ] [main] org.hibernate.Version HHH000412: Hibernate ORM core version 5.6.12.Final
[2022-11-17 14:32:04.693] [INFO ] [main] org.hibernate.annotations.common.Version HCANN000001: Hibernate Commons Annotations {5.1.2.Final}
[2022-11-17 14:32:04.839] [INFO ] [main] com.zaxxer.hikari.HikariDataSource HikariPool-1 - Starting...
[2022-11-17 14:32:05.126] [INFO ] [main] com.zaxxer.hikari.HikariDataSource HikariPool-1 - Start completed.
[2022-11-17 14:32:05.152] [INFO ] [main] org.hibernate.dialect.Dialect HHH000400: Using dialect: org.hibernate.dialect.MySQL8Dialect
[2022-11-17 14:32:06.326] [INFO ] [main] org.hibernate.engine.transaction.jta.platform.internal.JtaPlatformInitiator HHH000490: Using JtaPlatform implementation: [org.hibernate.engine.transaction.jta.platform.internal.NoJtaPlatform]
[2022-11-17 14:32:06.334] [INFO ] [main] org.springframework.orm.jpa.LocalContainerEntityManagerFactoryBean Initialized JPA EntityManagerFactory for persistence unit 'default'
[2022-11-17 14:32:06.516] [WARN ] [main] org.springframework.boot.autoconfigure.orm.jpa.JpaBaseConfiguration$JpaWebConfiguration spring.jpa.open-in-view is enabled by default. Therefore, database queries may be performed during view rendering. Explicitly configure spring.jpa.open-in-view to disable this warning
[2022-11-17 14:32:06.877] [WARN ] [main] org.springframework.boot.autoconfigure.thymeleaf.ThymeleafAutoConfiguration$DefaultTemplateResolverConfiguration Cannot find template location: classpath:/templates/ (please add some templates, check your Thymeleaf configuration, or set spring.thymeleaf.check-template-location=false)
[2022-11-17 14:32:07.208] [INFO ] [main] com.shop.repository.ItemRepositoryTest Started ItemRepositoryTest in 4.164 seconds (JVM running for 5.063)
[2022-11-17 14:32:07.481] [INFO ] [SpringApplicationShutdownHook] org.springframework.orm.jpa.LocalContainerEntityManagerFactoryBean Closing JPA EntityManagerFactory for persistence unit 'default'
[2022-11-17 14:32:07.482] [INFO ] [SpringApplicationShutdownHook] com.zaxxer.hikari.HikariDataSource HikariPool-1 - Shutdown initiated...
[2022-11-17 14:32:07.492] [INFO ] [SpringApplicationShutdownHook] com.zaxxer.hikari.HikariDataSource HikariPool-1 - Shutdown completed.
[2022-11-17 14:32:25.394] [INFO ] [main] com.shop.repository.ItemRepositoryTest Starting ItemRepositoryTest using Java 11.0.15 on DESKTOP-SL4UV5T with PID 13744 (started by user1 in D:\Backend\shop)
[2022-11-17 14:32:25.395] [INFO ] [main] com.shop.repository.ItemRepositoryTest No active profile set, falling back to 1 default profile: "default"
[2022-11-17 14:32:25.945] [INFO ] [main] org.springframework.data.repository.config.RepositoryConfigurationDelegate Bootstrapping Spring Data JPA repositories in DEFAULT mode.
[2022-11-17 14:32:25.985] [INFO ] [main] org.springframework.data.repository.config.RepositoryConfigurationDelegate Finished Spring Data repository scanning in 32 ms. Found 1 JPA repository interfaces.
[2022-11-17 14:32:26.472] [INFO ] [main] org.hibernate.jpa.internal.util.LogHelper HHH000204: Processing PersistenceUnitInfo [name: default]
[2022-11-17 14:32:26.521] [INFO ] [main] org.hibernate.Version HHH000412: Hibernate ORM core version 5.6.12.Final
[2022-11-17 14:32:26.665] [INFO ] [main] org.hibernate.annotations.common.Version HCANN000001: Hibernate Commons Annotations {5.1.2.Final}
[2022-11-17 14:32:26.816] [INFO ] [main] com.zaxxer.hikari.HikariDataSource HikariPool-1 - Starting...
[2022-11-17 14:32:27.104] [INFO ] [main] com.zaxxer.hikari.HikariDataSource HikariPool-1 - Start completed.
[2022-11-17 14:32:27.131] [INFO ] [main] org.hibernate.dialect.Dialect HHH000400: Using dialect: org.hibernate.dialect.MySQL8Dialect
[2022-11-17 14:32:27.916] [INFO ] [main] org.hibernate.engine.transaction.jta.platform.internal.JtaPlatformInitiator HHH000490: Using JtaPlatform implementation: [org.hibernate.engine.transaction.jta.platform.internal.NoJtaPlatform]
[2022-11-17 14:32:27.923] [INFO ] [main] org.springframework.orm.jpa.LocalContainerEntityManagerFactoryBean Initialized JPA EntityManagerFactory for persistence unit 'default'
[2022-11-17 14:32:28.115] [WARN ] [main] org.springframework.boot.autoconfigure.orm.jpa.JpaBaseConfiguration$JpaWebConfiguration spring.jpa.open-in-view is enabled by default. Therefore, database queries may be performed during view rendering. Explicitly configure spring.jpa.open-in-view to disable this warning
[2022-11-17 14:32:28.473] [WARN ] [main] org.springframework.boot.autoconfigure.thymeleaf.ThymeleafAutoConfiguration$DefaultTemplateResolverConfiguration Cannot find template location: classpath:/templates/ (please add some templates, check your Thymeleaf configuration, or set spring.thymeleaf.check-template-location=false)
[2022-11-17 14:32:28.808] [INFO ] [main] com.shop.repository.ItemRepositoryTest Started ItemRepositoryTest in 3.744 seconds (JVM running for 4.637)
[2022-11-17 14:32:29.151] [ERROR] [main] ItemRepositoryTest Item(id=1, itemNm=아메리카노, price=10000, stockNumber=100, itemDetail=그냥 노멀 커피입니다., itemSellStatus=SELL, regTime=2022-11-17T14:32:28.909204400, updateTime=2022-11-17T14:32:28.909204400)
[2022-11-17 14:32:29.168] [INFO ] [SpringApplicationShutdownHook] org.springframework.orm.jpa.LocalContainerEntityManagerFactoryBean Closing JPA EntityManagerFactory for persistence unit 'default'
[2022-11-17 14:32:29.170] [INFO ] [SpringApplicationShutdownHook] com.zaxxer.hikari.HikariDataSource HikariPool-1 - Shutdown initiated...
[2022-11-17 14:32:29.181] [INFO ] [SpringApplicationShutdownHook] com.zaxxer.hikari.HikariDataSource HikariPool-1 - Shutdown completed.
[2022-11-17 14:38:53.505] [INFO ] [main] com.shop.repository.ItemRepositoryTest Starting ItemRepositoryTest using Java 11.0.15 on DESKTOP-SL4UV5T with PID 13968 (started by user1 in D:\Backend\shop)
[2022-11-17 14:38:53.506] [INFO ] [main] com.shop.repository.ItemRepositoryTest No active profile set, falling back to 1 default profile: "default"
[2022-11-17 14:38:53.982] [INFO ] [main] org.springframework.data.repository.config.RepositoryConfigurationDelegate Bootstrapping Spring Data JPA repositories in DEFAULT mode.
[2022-11-17 14:38:54.020] [INFO ] [main] org.springframework.data.repository.config.RepositoryConfigurationDelegate Finished Spring Data repository scanning in 32 ms. Found 1 JPA repository interfaces.
[2022-11-17 14:38:54.460] [INFO ] [main] org.hibernate.jpa.internal.util.LogHelper HHH000204: Processing PersistenceUnitInfo [name: default]
[2022-11-17 14:38:54.502] [INFO ] [main] org.hibernate.Version HHH000412: Hibernate ORM core version 5.6.12.Final
[2022-11-17 14:38:54.638] [INFO ] [main] org.hibernate.annotations.common.Version HCANN000001: Hibernate Commons Annotations {5.1.2.Final}
[2022-11-17 14:38:54.785] [INFO ] [main] com.zaxxer.hikari.HikariDataSource HikariPool-1 - Starting...
[2022-11-17 14:38:55.095] [INFO ] [main] com.zaxxer.hikari.HikariDataSource HikariPool-1 - Start completed.
[2022-11-17 14:38:55.122] [INFO ] [main] org.hibernate.dialect.Dialect HHH000400: Using dialect: org.hibernate.dialect.MySQL8Dialect
[2022-11-17 14:38:55.861] [INFO ] [main] org.hibernate.engine.transaction.jta.platform.internal.JtaPlatformInitiator HHH000490: Using JtaPlatform implementation: [org.hibernate.engine.transaction.jta.platform.internal.NoJtaPlatform]
[2022-11-17 14:38:55.869] [INFO ] [main] org.springframework.orm.jpa.LocalContainerEntityManagerFactoryBean Initialized JPA EntityManagerFactory for persistence unit 'default'
[2022-11-17 14:38:56.076] [WARN ] [main] org.springframework.boot.autoconfigure.orm.jpa.JpaBaseConfiguration$JpaWebConfiguration spring.jpa.open-in-view is enabled by default. Therefore, database queries may be performed during view rendering. Explicitly configure spring.jpa.open-in-view to disable this warning
[2022-11-17 14:38:56.435] [WARN ] [main] org.springframework.boot.autoconfigure.thymeleaf.ThymeleafAutoConfiguration$DefaultTemplateResolverConfiguration Cannot find template location: classpath:/templates/ (please add some templates, check your Thymeleaf configuration, or set spring.thymeleaf.check-template-location=false)
[2022-11-17 14:38:56.757] [INFO ] [main] com.shop.repository.ItemRepositoryTest Started ItemRepositoryTest in 3.585 seconds (JVM running for 4.479)
[2022-11-17 14:38:57.121] [INFO ] [main] ItemRepositoryTest Item(id=1, itemNm=아메리카노, price=10000, stockNumber=100, itemDetail=그냥 노멀 커피입니다., itemSellStatus=SELL, regTime=2022-11-17T14:38:56.854288, updateTime=2022-11-17T14:38:56.854288)
[2022-11-17 14:38:57.138] [INFO ] [SpringApplicationShutdownHook] org.springframework.orm.jpa.LocalContainerEntityManagerFactoryBean Closing JPA EntityManagerFactory for persistence unit 'default'
[2022-11-17 14:38:57.140] [INFO ] [SpringApplicationShutdownHook] com.zaxxer.hikari.HikariDataSource HikariPool-1 - Shutdown initiated...
[2022-11-17 14:38:57.151] [INFO ] [SpringApplicationShutdownHook] com.zaxxer.hikari.HikariDataSource HikariPool-1 - Shutdown completed.
[2022-11-17 14:52:00.550] [INFO ] [main] com.shop.repository.ItemRepositoryTest Starting ItemRepositoryTest using Java 11.0.15 on DESKTOP-SL4UV5T with PID 6276 (started by user1 in D:\Backend\shop)
[2022-11-17 14:52:00.551] [INFO ] [main] com.shop.repository.ItemRepositoryTest No active profile set, falling back to 1 default profile: "default"
[2022-11-17 14:52:01.073] [INFO ] [main] org.springframework.data.repository.config.RepositoryConfigurationDelegate Bootstrapping Spring Data JPA repositories in DEFAULT mode.
[2022-11-17 14:52:01.111] [INFO ] [main] org.springframework.data.repository.config.RepositoryConfigurationDelegate Finished Spring Data repository scanning in 32 ms. Found 1 JPA repository interfaces.
[2022-11-17 14:52:01.594] [INFO ] [main] org.hibernate.jpa.internal.util.LogHelper HHH000204: Processing PersistenceUnitInfo [name: default]
[2022-11-17 14:52:01.641] [INFO ] [main] org.hibernate.Version HHH000412: Hibernate ORM core version 5.6.12.Final
[2022-11-17 14:52:01.787] [INFO ] [main] org.hibernate.annotations.common.Version HCANN000001: Hibernate Commons Annotations {5.1.2.Final}
[2022-11-17 14:52:01.937] [INFO ] [main] com.zaxxer.hikari.HikariDataSource HikariPool-1 - Starting...
[2022-11-17 14:52:02.233] [INFO ] [main] com.zaxxer.hikari.HikariDataSource HikariPool-1 - Start completed.
[2022-11-17 14:52:02.261] [INFO ] [main] org.hibernate.dialect.Dialect HHH000400: Using dialect: org.hibernate.dialect.MySQL8Dialect
[2022-11-17 14:52:03.030] [INFO ] [main] org.hibernate.engine.transaction.jta.platform.internal.JtaPlatformInitiator HHH000490: Using JtaPlatform implementation: [org.hibernate.engine.transaction.jta.platform.internal.NoJtaPlatform]
[2022-11-17 14:52:03.037] [INFO ] [main] org.springframework.orm.jpa.LocalContainerEntityManagerFactoryBean Initialized JPA EntityManagerFactory for persistence unit 'default'
[2022-11-17 14:52:03.222] [WARN ] [main] org.springframework.boot.autoconfigure.orm.jpa.JpaBaseConfiguration$JpaWebConfiguration spring.jpa.open-in-view is enabled by default. Therefore, database queries may be performed during view rendering. Explicitly configure spring.jpa.open-in-view to disable this warning
[2022-11-17 14:52:03.562] [WARN ] [main] org.springframework.boot.autoconfigure.thymeleaf.ThymeleafAutoConfiguration$DefaultTemplateResolverConfiguration Cannot find template location: classpath:/templates/ (please add some templates, check your Thymeleaf configuration, or set spring.thymeleaf.check-template-location=false)
[2022-11-17 14:52:03.884] [INFO ] [main] com.shop.repository.ItemRepositoryTest Started ItemRepositoryTest in 3.684 seconds (JVM running for 4.574)
[2022-11-17 14:52:04.169] [WARN ] [main] com.shop.repository.ItemRepositoryTest Item(id=1, itemNm=아메리카노, price=10000, stockNumber=100, itemDetail=그냥 노멀 커피입니다., itemSellStatus=SELL, regTime=2022-11-17T14:52:03.979722800, updateTime=2022-11-17T14:52:03.979722800)
[2022-11-17 14:52:04.184] [INFO ] [SpringApplicationShutdownHook] org.springframework.orm.jpa.LocalContainerEntityManagerFactoryBean Closing JPA EntityManagerFactory for persistence unit 'default'
[2022-11-17 14:52:04.186] [INFO ] [SpringApplicationShutdownHook] com.zaxxer.hikari.HikariDataSource HikariPool-1 - Shutdown initiated...
[2022-11-17 14:52:04.195] [INFO ] [SpringApplicationShutdownHook] com.zaxxer.hikari.HikariDataSource HikariPool-1 - Shutdown completed.
[2022-11-17 14:52:17.362] [INFO ] [File Watcher] org.springframework.boot.devtools.autoconfigure.LocalDevToolsAutoConfiguration$RestartingClassPathChangeChangedEventListener Restarting due to 1 class path change (0 additions, 1 deletion, 0 modifications)
[2022-11-17 14:52:17.395] [INFO ] [Thread-17] org.apache.catalina.core.StandardService Stopping service [Tomcat]
[2022-11-17 14:52:17.401] [INFO ] [Thread-17] org.springframework.orm.jpa.LocalContainerEntityManagerFactoryBean Closing JPA EntityManagerFactory for persistence unit 'default'
[2022-11-17 14:52:17.401] [INFO ] [Thread-17] com.zaxxer.hikari.HikariDataSource HikariPool-5 - Shutdown initiated...
[2022-11-17 14:52:17.408] [INFO ] [Thread-17] com.zaxxer.hikari.HikariDataSource HikariPool-5 - Shutdown completed.
